  Source.cpp
C:\Users\sofija\Desktop\Fakultet\Nastavni plan\CS233\24-25\p1_gameObjects\v1_3dBasics\Source.cpp(64,21): warning C4244: 'initializing': conversion from 'int' to 'float', possible loss of data
C:\Users\sofija\Desktop\Fakultet\Nastavni plan\CS233\24-25\p1_gameObjects\v1_3dBasics\Source.cpp(75,47): warning C4244: 'argument': conversion from 'T' to 'int', possible loss of data
C:\Users\sofija\Desktop\Fakultet\Nastavni plan\CS233\24-25\p1_gameObjects\v1_3dBasics\Source.cpp(75,47): warning C4244:         with
C:\Users\sofija\Desktop\Fakultet\Nastavni plan\CS233\24-25\p1_gameObjects\v1_3dBasics\Source.cpp(75,47): warning C4244:         [
C:\Users\sofija\Desktop\Fakultet\Nastavni plan\CS233\24-25\p1_gameObjects\v1_3dBasics\Source.cpp(75,47): warning C4244:             T=float
C:\Users\sofija\Desktop\Fakultet\Nastavni plan\CS233\24-25\p1_gameObjects\v1_3dBasics\Source.cpp(75,47): warning C4244:         ]
C:\Users\sofija\Desktop\Fakultet\Nastavni plan\CS233\24-25\p1_gameObjects\v1_3dBasics\Source.cpp(75,32): warning C4244: 'argument': conversion from 'T' to 'int', possible loss of data
C:\Users\sofija\Desktop\Fakultet\Nastavni plan\CS233\24-25\p1_gameObjects\v1_3dBasics\Source.cpp(75,32): warning C4244:         with
C:\Users\sofija\Desktop\Fakultet\Nastavni plan\CS233\24-25\p1_gameObjects\v1_3dBasics\Source.cpp(75,32): warning C4244:         [
C:\Users\sofija\Desktop\Fakultet\Nastavni plan\CS233\24-25\p1_gameObjects\v1_3dBasics\Source.cpp(75,32): warning C4244:             T=float
C:\Users\sofija\Desktop\Fakultet\Nastavni plan\CS233\24-25\p1_gameObjects\v1_3dBasics\Source.cpp(75,32): warning C4244:         ]
C:\Users\sofija\Desktop\Fakultet\Nastavni plan\CS233\24-25\p1_gameObjects\v1_3dBasics\Source.cpp(76,59): warning C4244: 'argument': conversion from 'T' to 'int', possible loss of data
C:\Users\sofija\Desktop\Fakultet\Nastavni plan\CS233\24-25\p1_gameObjects\v1_3dBasics\Source.cpp(76,59): warning C4244:         with
C:\Users\sofija\Desktop\Fakultet\Nastavni plan\CS233\24-25\p1_gameObjects\v1_3dBasics\Source.cpp(76,59): warning C4244:         [
C:\Users\sofija\Desktop\Fakultet\Nastavni plan\CS233\24-25\p1_gameObjects\v1_3dBasics\Source.cpp(76,59): warning C4244:             T=float
C:\Users\sofija\Desktop\Fakultet\Nastavni plan\CS233\24-25\p1_gameObjects\v1_3dBasics\Source.cpp(76,59): warning C4244:         ]
C:\Users\sofija\Desktop\Fakultet\Nastavni plan\CS233\24-25\p1_gameObjects\v1_3dBasics\Source.cpp(76,40): warning C4244: 'argument': conversion from 'T' to 'int', possible loss of data
C:\Users\sofija\Desktop\Fakultet\Nastavni plan\CS233\24-25\p1_gameObjects\v1_3dBasics\Source.cpp(76,40): warning C4244:         with
C:\Users\sofija\Desktop\Fakultet\Nastavni plan\CS233\24-25\p1_gameObjects\v1_3dBasics\Source.cpp(76,40): warning C4244:         [
C:\Users\sofija\Desktop\Fakultet\Nastavni plan\CS233\24-25\p1_gameObjects\v1_3dBasics\Source.cpp(76,40): warning C4244:             T=float
C:\Users\sofija\Desktop\Fakultet\Nastavni plan\CS233\24-25\p1_gameObjects\v1_3dBasics\Source.cpp(76,40): warning C4244:         ]
  v1_3dBasics.vcxproj -> C:\Users\sofija\Desktop\Fakultet\Nastavni plan\CS233\24-25\p1_gameObjects\Debug\p1_gameObjects.exe
